<?xml version="1.0" encoding="UTF-8"?>
<!-- Generated by org.testng.reporters.JUnitXMLReporter -->
<testsuite ignored="15" hostname="LAPTOP-2GN2N30U" failures="0" tests="3" name="Regression Test" time="5.56" errors="0" timestamp="2021-07-29T17:03:56 EDT">
  <testcase classname="com.myproject.testcases.OrderTest" name="@BeforeMethod setup" time="1.936">
    <failure type="java.lang.NullPointerException" message="Cannot invoke &amp;quot;java.util.Properties.getProperty(String)&amp;quot; because &amp;quot;com.myproject.base.BaseClass.prop&amp;quot; is null">
      <![CDATA[java.lang.NullPointerException: Cannot invoke "java.util.Properties.getProperty(String)" because "com.myproject.base.BaseClass.prop" is null
at com.myproject.base.BaseClass.launchApp(BaseClass.java:132)
at com.myproject.testcases.OrderTest.setup(OrderTest.java:26)
at java.base/java.util.ArrayList.forEach(ArrayList.java:1511)
... Removed 31 stack frames]]>
    </failure>
  </testcase> <!-- @BeforeMethod setup -->
  <testcase classname="com.myproject.testcases.OrderTest" name="@AfterMethod tearDown" time="-1.627592632951E9">
    <skipped/>
  </testcase> <!-- @AfterMethod tearDown -->
  <testcase classname="com.myproject.testcases.AddToCartTest" name="@BeforeMethod setup" time="1.414">
    <failure type="java.lang.NullPointerException" message="Cannot invoke &amp;quot;java.util.Properties.getProperty(String)&amp;quot; because &amp;quot;com.myproject.base.BaseClass.prop&amp;quot; is null">
      <![CDATA[java.lang.NullPointerException: Cannot invoke "java.util.Properties.getProperty(String)" because "com.myproject.base.BaseClass.prop" is null
at com.myproject.base.BaseClass.launchApp(BaseClass.java:132)
at com.myproject.testcases.AddToCartTest.setup(AddToCartTest.java:25)
at java.base/java.util.ArrayList.forEach(ArrayList.java:1511)
... Removed 31 stack frames]]>
    </failure>
  </testcase> <!-- @BeforeMethod setup -->
  <testcase classname="com.myproject.testcases.AddToCartTest" name="@AfterMethod tearDown" time="-1.627592634539E9">
    <skipped/>
  </testcase> <!-- @AfterMethod tearDown -->
  <testcase classname="com.myproject.testcases.CompleteTest" name="@BeforeMethod setup" time="1.31">
    <failure type="java.lang.NullPointerException" message="Cannot invoke &amp;quot;java.util.Properties.getProperty(String)&amp;quot; because &amp;quot;com.myproject.base.BaseClass.prop&amp;quot; is null">
      <![CDATA[java.lang.NullPointerException: Cannot invoke "java.util.Properties.getProperty(String)" because "com.myproject.base.BaseClass.prop" is null
at com.myproject.base.BaseClass.launchApp(BaseClass.java:132)
at com.myproject.testcases.CompleteTest.setup(CompleteTest.java:37)
at java.base/java.util.ArrayList.forEach(ArrayList.java:1511)
... Removed 31 stack frames]]>
    </failure>
  </testcase> <!-- @BeforeMethod setup -->
  <testcase classname="com.myproject.testcases.CompleteTest" name="@AfterMethod tearDown" time="-1.627592636003E9">
    <skipped/>
  </testcase> <!-- @AfterMethod tearDown -->
  <testcase classname="com.myproject.testcases.OrderTest" name="verifyTotalPrice" time="0.0">
    <skipped/>
  </testcase> <!-- verifyTotalPrice -->
  <testcase classname="com.myproject.testcases.AddToCartTest" name="AddtoCartTest" time="0.0">
    <skipped/>
  </testcase> <!-- AddtoCartTest -->
  <testcase classname="com.myproject.testcases.CompleteTest" name="endtoEndTest" time="0.0">
    <skipped/>
  </testcase> <!-- endtoEndTest -->
  <testcase classname="com.myproject.testcases.IndexPageTest" name="verifyTitle" time="0.0">
    <ignored/>
  </testcase> <!-- verifyTitle -->
  <testcase classname="com.myproject.testcases.RegisterPageTest" name="createAccountTest" time="0.0">
    <ignored/>
  </testcase> <!-- createAccountTest -->
  <testcase classname="com.myproject.testcases.LoginPageTest" name="LoginTest" time="0.0">
    <ignored/>
  </testcase> <!-- LoginTest -->
  <testcase classname="com.myproject.testcases.RegisterPageTest" name="createaccountpageTest" time="0.0">
    <ignored/>
  </testcase> <!-- createaccountpageTest -->
  <testcase classname="com.myproject.testcases.HomePageTest" name="verifyWishListTest" time="0.0">
    <ignored/>
  </testcase> <!-- verifyWishListTest -->
  <testcase classname="com.myproject.base.BaseClass" name="@BeforeSuite loadConfig" time="0.0">
    <ignored/>
  </testcase> <!-- @BeforeSuite loadConfig -->
  <testcase classname="com.myproject.base.BaseClass" name="@BeforeSuite loadConfig" time="0.0">
    <ignored/>
  </testcase> <!-- @BeforeSuite loadConfig -->
  <testcase classname="com.myproject.base.BaseClass" name="@BeforeSuite loadConfig" time="0.0">
    <ignored/>
  </testcase> <!-- @BeforeSuite loadConfig -->
  <testcase classname="com.myproject.base.BaseClass" name="@BeforeSuite loadConfig" time="0.0">
    <ignored/>
  </testcase> <!-- @BeforeSuite loadConfig -->
  <testcase classname="com.myproject.base.BaseClass" name="@BeforeSuite loadConfig" time="0.0">
    <ignored/>
  </testcase> <!-- @BeforeSuite loadConfig -->
  <testcase classname="com.myproject.base.BaseClass" name="@BeforeSuite loadConfig" time="0.0">
    <ignored/>
  </testcase> <!-- @BeforeSuite loadConfig -->
  <testcase classname="com.myproject.base.BaseClass" name="@BeforeSuite loadConfig" time="0.0">
    <ignored/>
  </testcase> <!-- @BeforeSuite loadConfig -->
  <testcase classname="com.myproject.testcases.SearchProductPageTest" name="ProductAvailabilityTest" time="0.0">
    <ignored/>
  </testcase> <!-- ProductAvailabilityTest -->
  <testcase classname="com.myproject.testcases.HomePageTest" name="verifyOrderHistoryTest" time="0.0">
    <ignored/>
  </testcase> <!-- verifyOrderHistoryTest -->
  <testcase classname="com.myproject.testcases.IndexPageTest" name="verfiyLogo" time="0.0">
    <ignored/>
  </testcase> <!-- verfiyLogo -->
</testsuite> <!-- Regression Test -->
