<?xml version="1.0" encoding="UTF-8"?>
<!-- Generated by org.testng.reporters.JUnitXMLReporter -->
<testsuite ignored="16" hostname="LAPTOP-2GN2N30U" failures="0" tests="3" name="Sanity Test" time="3.997" errors="0" timestamp="2021-07-29T16:52:32 EDT">
  <testcase classname="com.myproject.testcases.LoginPageTest" name="@BeforeMethod setup" time="1.883">
    <failure type="java.lang.NullPointerException" message="Cannot invoke &amp;quot;java.util.Properties.getProperty(String)&amp;quot; because &amp;quot;com.myproject.base.BaseClass.prop&amp;quot; is null">
      <![CDATA[java.lang.NullPointerException: Cannot invoke "java.util.Properties.getProperty(String)" because "com.myproject.base.BaseClass.prop" is null
at com.myproject.base.BaseClass.launchApp(BaseClass.java:132)
at com.myproject.testcases.LoginPageTest.setup(LoginPageTest.java:24)
at java.base/java.util.ArrayList.forEach(ArrayList.java:1511)
... Removed 31 stack frames]]>
    </failure>
  </testcase> <!-- @BeforeMethod setup -->
  <testcase classname="com.myproject.testcases.LoginPageTest" name="@AfterMethod tearDown" time="-1.627591950427E9">
    <skipped/>
  </testcase> <!-- @AfterMethod tearDown -->
  <testcase classname="com.myproject.testcases.LoginPageTest" name="@BeforeMethod setup" time="-1.62759195043E9">
    <skipped/>
  </testcase> <!-- @BeforeMethod setup -->
  <testcase classname="com.myproject.testcases.LoginPageTest" name="@AfterMethod tearDown" time="-1.627591950439E9">
    <skipped/>
  </testcase> <!-- @AfterMethod tearDown -->
  <testcase classname="com.myproject.testcases.AddToCartTest" name="@BeforeMethod setup" time="1.365">
    <failure type="java.lang.NullPointerException" message="Cannot invoke &amp;quot;java.util.Properties.getProperty(String)&amp;quot; because &amp;quot;com.myproject.base.BaseClass.prop&amp;quot; is null">
      <![CDATA[java.lang.NullPointerException: Cannot invoke "java.util.Properties.getProperty(String)" because "com.myproject.base.BaseClass.prop" is null
at com.myproject.base.BaseClass.launchApp(BaseClass.java:132)
at com.myproject.testcases.AddToCartTest.setup(AddToCartTest.java:25)
at java.base/java.util.ArrayList.forEach(ArrayList.java:1511)
... Removed 31 stack frames]]>
    </failure>
  </testcase> <!-- @BeforeMethod setup -->
  <testcase classname="com.myproject.testcases.AddToCartTest" name="@AfterMethod tearDown" time="-1.627591951992E9">
    <skipped/>
  </testcase> <!-- @AfterMethod tearDown -->
  <testcase classname="com.myproject.testcases.LoginPageTest" name="LoginTest" time="0.0">
    <skipped/>
  </testcase> <!-- LoginTest -->
  <testcase classname="com.myproject.testcases.LoginPageTest" name="LoginTest" time="0.0">
    <skipped/>
  </testcase> <!-- LoginTest -->
  <testcase classname="com.myproject.testcases.AddToCartTest" name="AddtoCartTest" time="0.0">
    <skipped/>
  </testcase> <!-- AddtoCartTest -->
  <testcase classname="com.myproject.testcases.IndexPageTest" name="verifyTitle" time="0.0">
    <ignored/>
  </testcase> <!-- verifyTitle -->
  <testcase classname="com.myproject.testcases.RegisterPageTest" name="createAccountTest" time="0.0">
    <ignored/>
  </testcase> <!-- createAccountTest -->
  <testcase classname="com.myproject.testcases.RegisterPageTest" name="createaccountpageTest" time="0.0">
    <ignored/>
  </testcase> <!-- createaccountpageTest -->
  <testcase classname="com.myproject.testcases.HomePageTest" name="verifyWishListTest" time="0.0">
    <ignored/>
  </testcase> <!-- verifyWishListTest -->
  <testcase classname="com.myproject.base.BaseClass" name="@BeforeSuite loadConfig" time="0.0">
    <ignored/>
  </testcase> <!-- @BeforeSuite loadConfig -->
  <testcase classname="com.myproject.base.BaseClass" name="@BeforeSuite loadConfig" time="0.0">
    <ignored/>
  </testcase> <!-- @BeforeSuite loadConfig -->
  <testcase classname="com.myproject.base.BaseClass" name="@BeforeSuite loadConfig" time="0.0">
    <ignored/>
  </testcase> <!-- @BeforeSuite loadConfig -->
  <testcase classname="com.myproject.base.BaseClass" name="@BeforeSuite loadConfig" time="0.0">
    <ignored/>
  </testcase> <!-- @BeforeSuite loadConfig -->
  <testcase classname="com.myproject.base.BaseClass" name="@BeforeSuite loadConfig" time="0.0">
    <ignored/>
  </testcase> <!-- @BeforeSuite loadConfig -->
  <testcase classname="com.myproject.base.BaseClass" name="@BeforeSuite loadConfig" time="0.0">
    <ignored/>
  </testcase> <!-- @BeforeSuite loadConfig -->
  <testcase classname="com.myproject.base.BaseClass" name="@BeforeSuite loadConfig" time="0.0">
    <ignored/>
  </testcase> <!-- @BeforeSuite loadConfig -->
  <testcase classname="com.myproject.testcases.OrderTest" name="verifyTotalPrice" time="0.0">
    <ignored/>
  </testcase> <!-- verifyTotalPrice -->
  <testcase classname="com.myproject.testcases.SearchProductPageTest" name="ProductAvailabilityTest" time="0.0">
    <ignored/>
  </testcase> <!-- ProductAvailabilityTest -->
  <testcase classname="com.myproject.testcases.HomePageTest" name="verifyOrderHistoryTest" time="0.0">
    <ignored/>
  </testcase> <!-- verifyOrderHistoryTest -->
  <testcase classname="com.myproject.testcases.IndexPageTest" name="verfiyLogo" time="0.0">
    <ignored/>
  </testcase> <!-- verfiyLogo -->
  <testcase classname="com.myproject.testcases.CompleteTest" name="endtoEndTest" time="0.0">
    <ignored/>
  </testcase> <!-- endtoEndTest -->
</testsuite> <!-- Sanity Test -->
