<?xml version="1.0" encoding="UTF-8"?>
<!-- Generated by org.testng.reporters.JUnitXMLReporter -->
<testsuite ignored="12" hostname="LAPTOP-2GN2N30U" failures="0" tests="9" name="Smoke Test" time="7.176" errors="0" timestamp="2021-07-29T17:05:34 EDT">
  <testcase classname="com.myproject.testcases.SearchProductPageTest" name="@BeforeMethod setup" time="2.057">
    <failure type="java.lang.NullPointerException" message="Cannot invoke &amp;quot;java.util.Properties.getProperty(String)&amp;quot; because &amp;quot;com.myproject.base.BaseClass.prop&amp;quot; is null">
      <![CDATA[java.lang.NullPointerException: Cannot invoke "java.util.Properties.getProperty(String)" because "com.myproject.base.BaseClass.prop" is null
at com.myproject.base.BaseClass.launchApp(BaseClass.java:132)
at com.myproject.testcases.SearchProductPageTest.setup(SearchProductPageTest.java:24)
at java.base/java.util.ArrayList.forEach(ArrayList.java:1511)
... Removed 31 stack frames]]>
    </failure>
  </testcase> <!-- @BeforeMethod setup -->
  <testcase classname="com.myproject.testcases.SearchProductPageTest" name="@AfterMethod tearDown" time="-1.627592730082E9">
    <skipped/>
  </testcase> <!-- @AfterMethod tearDown -->
  <testcase classname="com.myproject.testcases.LoginPageTest" name="@BeforeMethod setup" time="1.409">
    <failure type="java.lang.NullPointerException" message="Cannot invoke &amp;quot;java.util.Properties.getProperty(String)&amp;quot; because &amp;quot;com.myproject.base.BaseClass.prop&amp;quot; is null">
      <![CDATA[java.lang.NullPointerException: Cannot invoke "java.util.Properties.getProperty(String)" because "com.myproject.base.BaseClass.prop" is null
at com.myproject.base.BaseClass.launchApp(BaseClass.java:132)
at com.myproject.testcases.LoginPageTest.setup(LoginPageTest.java:24)
at java.base/java.util.ArrayList.forEach(ArrayList.java:1511)
... Removed 31 stack frames]]>
    </failure>
  </testcase> <!-- @BeforeMethod setup -->
  <testcase classname="com.myproject.testcases.LoginPageTest" name="@AfterMethod tearDown" time="-1.627592731669E9">
    <skipped/>
  </testcase> <!-- @AfterMethod tearDown -->
  <testcase classname="com.myproject.testcases.LoginPageTest" name="@BeforeMethod setup" time="-1.627592731672E9">
    <skipped/>
  </testcase> <!-- @BeforeMethod setup -->
  <testcase classname="com.myproject.testcases.LoginPageTest" name="@AfterMethod tearDown" time="-1.627592731679E9">
    <skipped/>
  </testcase> <!-- @AfterMethod tearDown -->
  <testcase classname="com.myproject.testcases.IndexPageTest" name="@BeforeMethod setup" time="1.361">
    <failure type="java.lang.NullPointerException" message="Cannot invoke &amp;quot;java.util.Properties.getProperty(String)&amp;quot; because &amp;quot;com.myproject.base.BaseClass.prop&amp;quot; is null">
      <![CDATA[java.lang.NullPointerException: Cannot invoke "java.util.Properties.getProperty(String)" because "com.myproject.base.BaseClass.prop" is null
at com.myproject.base.BaseClass.launchApp(BaseClass.java:132)
at com.myproject.testcases.IndexPageTest.setup(IndexPageTest.java:20)
at java.base/java.util.ArrayList.forEach(ArrayList.java:1511)
... Removed 31 stack frames]]>
    </failure>
  </testcase> <!-- @BeforeMethod setup -->
  <testcase classname="com.myproject.testcases.IndexPageTest" name="@AfterMethod tearDown" time="-1.627592733054E9">
    <skipped/>
  </testcase> <!-- @AfterMethod tearDown -->
  <testcase classname="com.myproject.testcases.IndexPageTest" name="@BeforeMethod setup" time="-1.627592733056E9">
    <skipped/>
  </testcase> <!-- @BeforeMethod setup -->
  <testcase classname="com.myproject.testcases.IndexPageTest" name="@AfterMethod tearDown" time="-1.627592733061E9">
    <skipped/>
  </testcase> <!-- @AfterMethod tearDown -->
  <testcase classname="com.myproject.testcases.HomePageTest" name="@BeforeMethod setup" time="1.345">
    <failure type="java.lang.NullPointerException" message="Cannot invoke &amp;quot;java.util.Properties.getProperty(String)&amp;quot; because &amp;quot;com.myproject.base.BaseClass.prop&amp;quot; is null">
      <![CDATA[java.lang.NullPointerException: Cannot invoke "java.util.Properties.getProperty(String)" because "com.myproject.base.BaseClass.prop" is null
at com.myproject.base.BaseClass.launchApp(BaseClass.java:132)
at com.myproject.testcases.HomePageTest.setup(HomePageTest.java:23)
at java.base/java.util.ArrayList.forEach(ArrayList.java:1511)
... Removed 31 stack frames]]>
    </failure>
  </testcase> <!-- @BeforeMethod setup -->
  <testcase classname="com.myproject.testcases.HomePageTest" name="@AfterMethod tearDown" time="-1.627592734517E9">
    <skipped/>
  </testcase> <!-- @AfterMethod tearDown -->
  <testcase classname="com.myproject.testcases.HomePageTest" name="@BeforeMethod setup" time="-1.627592734517E9">
    <skipped/>
  </testcase> <!-- @BeforeMethod setup -->
  <testcase classname="com.myproject.testcases.HomePageTest" name="@AfterMethod tearDown" time="-1.627592734522E9">
    <skipped/>
  </testcase> <!-- @AfterMethod tearDown -->
  <testcase classname="com.myproject.testcases.HomePageTest" name="@BeforeMethod setup" time="-1.627592734623E9">
    <skipped/>
  </testcase> <!-- @BeforeMethod setup -->
  <testcase classname="com.myproject.testcases.HomePageTest" name="@AfterMethod tearDown" time="-1.627592734633E9">
    <skipped/>
  </testcase> <!-- @AfterMethod tearDown -->
  <testcase classname="com.myproject.testcases.HomePageTest" name="@BeforeMethod setup" time="-1.62759273464E9">
    <skipped/>
  </testcase> <!-- @BeforeMethod setup -->
  <testcase classname="com.myproject.testcases.HomePageTest" name="@AfterMethod tearDown" time="-1.627592734645E9">
    <skipped/>
  </testcase> <!-- @AfterMethod tearDown -->
  <testcase classname="com.myproject.testcases.SearchProductPageTest" name="ProductAvailabilityTest" time="0.0">
    <skipped/>
  </testcase> <!-- ProductAvailabilityTest -->
  <testcase classname="com.myproject.testcases.LoginPageTest" name="LoginTest" time="0.0">
    <skipped/>
  </testcase> <!-- LoginTest -->
  <testcase classname="com.myproject.testcases.LoginPageTest" name="LoginTest" time="0.0">
    <skipped/>
  </testcase> <!-- LoginTest -->
  <testcase classname="com.myproject.testcases.IndexPageTest" name="verfiyLogo" time="0.0">
    <skipped/>
  </testcase> <!-- verfiyLogo -->
  <testcase classname="com.myproject.testcases.IndexPageTest" name="verifyTitle" time="0.0">
    <skipped/>
  </testcase> <!-- verifyTitle -->
  <testcase classname="com.myproject.testcases.HomePageTest" name="verifyOrderHistoryTest" time="0.0">
    <skipped/>
  </testcase> <!-- verifyOrderHistoryTest -->
  <testcase classname="com.myproject.testcases.HomePageTest" name="verifyOrderHistoryTest" time="0.0">
    <skipped/>
  </testcase> <!-- verifyOrderHistoryTest -->
  <testcase classname="com.myproject.testcases.HomePageTest" name="verifyWishListTest" time="0.0">
    <skipped/>
  </testcase> <!-- verifyWishListTest -->
  <testcase classname="com.myproject.testcases.HomePageTest" name="verifyWishListTest" time="0.0">
    <skipped/>
  </testcase> <!-- verifyWishListTest -->
  <testcase classname="com.myproject.base.BaseClass" name="@BeforeSuite loadConfig" time="0.0">
    <ignored/>
  </testcase> <!-- @BeforeSuite loadConfig -->
  <testcase classname="com.myproject.base.BaseClass" name="@BeforeSuite loadConfig" time="0.0">
    <ignored/>
  </testcase> <!-- @BeforeSuite loadConfig -->
  <testcase classname="com.myproject.base.BaseClass" name="@BeforeSuite loadConfig" time="0.0">
    <ignored/>
  </testcase> <!-- @BeforeSuite loadConfig -->
  <testcase classname="com.myproject.base.BaseClass" name="@BeforeSuite loadConfig" time="0.0">
    <ignored/>
  </testcase> <!-- @BeforeSuite loadConfig -->
  <testcase classname="com.myproject.base.BaseClass" name="@BeforeSuite loadConfig" time="0.0">
    <ignored/>
  </testcase> <!-- @BeforeSuite loadConfig -->
  <testcase classname="com.myproject.base.BaseClass" name="@BeforeSuite loadConfig" time="0.0">
    <ignored/>
  </testcase> <!-- @BeforeSuite loadConfig -->
  <testcase classname="com.myproject.base.BaseClass" name="@BeforeSuite loadConfig" time="0.0">
    <ignored/>
  </testcase> <!-- @BeforeSuite loadConfig -->
  <testcase classname="com.myproject.testcases.OrderTest" name="verifyTotalPrice" time="0.0">
    <ignored/>
  </testcase> <!-- verifyTotalPrice -->
  <testcase classname="com.myproject.testcases.RegisterPageTest" name="createAccountTest" time="0.0">
    <ignored/>
  </testcase> <!-- createAccountTest -->
  <testcase classname="com.myproject.testcases.RegisterPageTest" name="createaccountpageTest" time="0.0">
    <ignored/>
  </testcase> <!-- createaccountpageTest -->
  <testcase classname="com.myproject.testcases.CompleteTest" name="endtoEndTest" time="0.0">
    <ignored/>
  </testcase> <!-- endtoEndTest -->
  <testcase classname="com.myproject.testcases.AddToCartTest" name="AddtoCartTest" time="0.0">
    <ignored/>
  </testcase> <!-- AddtoCartTest -->
</testsuite> <!-- Smoke Test -->
